-------------------------------------------------------------------------------
Test set: ir.ac.kntu.TestingDelete
-------------------------------------------------------------------------------
Tests run: 3, Failures: 3, Errors: 0, Skipped: 0, Time elapsed: 0 sec <<< FAILURE!
ir.ac.kntu.TestingDelete.testSimpleDelete()  Time elapsed: 0 sec  <<< FAILURE!
java.nio.file.NoSuchFileException: C:\Users\moein\IdeaProjects\KNTU Grader\src\test\java\ir\ac\kntu\asd
	at java.base/sun.nio.fs.WindowsException.translateToIOException(WindowsException.java:85)
	at java.base/sun.nio.fs.WindowsException.rethrowAsIOException(WindowsException.java:103)
	at java.base/sun.nio.fs.WindowsException.rethrowAsIOException(WindowsException.java:108)
	at java.base/sun.nio.fs.WindowsFileAttributeViews$Basic.readAttributes(WindowsFileAttributeViews.java:53)
	at java.base/sun.nio.fs.WindowsFileAttributeViews$Basic.readAttributes(WindowsFileAttributeViews.java:38)
	at java.base/sun.nio.fs.WindowsFileSystemProvider.readAttributes(WindowsFileSystemProvider.java:198)
	at java.base/java.nio.file.Files.readAttributes(Files.java:1763)
	at java.base/java.nio.file.FileTreeWalker.getAttributes(FileTreeWalker.java:219)
	at java.base/java.nio.file.FileTreeWalker.visit(FileTreeWalker.java:276)
	at java.base/java.nio.file.FileTreeWalker.walk(FileTreeWalker.java:322)
	at java.base/java.nio.file.FileTreeIterator.<init>(FileTreeIterator.java:71)
	at java.base/java.nio.file.Files.walk(Files.java:3822)
	at java.base/java.nio.file.Files.walk(Files.java:3876)
	at ir.ac.kntu.TestingDelete.delete(TestingDelete.java:48)
	at ir.ac.kntu.TestingDelete.testSimpleDelete(TestingDelete.java:23)

ir.ac.kntu.TestingDelete.testCopyDirectories()  Time elapsed: 0 sec  <<< FAILURE!
java.lang.NullPointerException
	at java.base/java.util.Objects.requireNonNull(Objects.java:221)
	at java.base/java.util.Arrays$ArrayList.<init>(Arrays.java:4323)
	at java.base/java.util.Arrays.asList(Arrays.java:4310)
	at ir.ac.kntu.TestingDelete.testCopyDirectories(TestingDelete.java:40)

ir.ac.kntu.TestingDelete.testFindDirectories()  Time elapsed: 0 sec  <<< FAILURE!
java.lang.NullPointerException
	at java.base/java.util.Objects.requireNonNull(Objects.java:221)
	at java.base/java.util.Arrays$ArrayList.<init>(Arrays.java:4323)
	at java.base/java.util.Arrays.asList(Arrays.java:4310)
	at ir.ac.kntu.TestingDelete.testFindDirectories(TestingDelete.java:29)

