<?xml version="1.0" encoding="UTF-8" ?>
<testsuite tests="1" failures="1" name="ir.ac.kntu.TestingMavenInvoker" time="3.112" errors="0" skipped="0">
  <properties>
[...]
</properties>
  <testcase classname="ir.ac.kntu.TestingMavenInvoker" name="ir.ac.kntu.TestingMavenInvoker.testingInvoker" time="3.112">
    <failure type="java.lang.Error">java.lang.Error
	at ir.ac.kntu.TestingMavenInvoker.testingInvoker(TestingMavenInvoker.java:25)
</failure>
    <system-out>[WARN] Maven will be executed in interactive mode, but no input stream has been configured for this MavenInvoker instance.
[INFO] Scanning for projects...
[INFO] 
[INFO] -----------------------&lt; ir.ac.kntu:kntu-grader &gt;-----------------------
[INFO] Building kntu-grader 1.0-SNAPSHOT
[INFO] --------------------------------[ jar ]---------------------------------
[INFO] 
[INFO] --- maven-clean-plugin:2.5:clean (default-clean) @ kntu-grader ---
[INFO] Deleting C:\Users\TOP\Desktop\AP Assignments\kntu-grader\target
[INFO] ------------------------------------------------------------------------
[INFO] BUILD FAILURE
[INFO] ------------------------------------------------------------------------
[INFO] Total time:  1.500 s
[INFO] Finished at: 2020-02-15T00:03:15+03:30
[INFO] ------------------------------------------------------------------------
[ERROR] Failed to execute goal org.apache.maven.plugins:maven-clean-plugin:2.5:clean (default-clean) on project kntu-grader: Failed to clean project: Failed to delete C:\Users\TOP\Desktop\AP Assignments\kntu-grader\target\surefire\surefirebooter10306766695528498536.jar -&gt; [Help 1]
[ERROR] 
[ERROR] To see the full stack trace of the errors, re-run Maven with the -e switch.
[ERROR] Re-run Maven using the -X switch to enable full debug logging.
[ERROR] 
[ERROR] For more information about the errors and possible solutions, please read the following articles:
[ERROR] [Help 1] http://cwiki.apache.org/confluence/display/MAVEN/MojoExecutionException
</system-out>
  </testcase>
</testsuite>